<?xml version="1.0" encoding="UTF-8"?>
<!-- Generated by org.testng.reporters.JUnitReportReporter -->
<testsuite hostname="DESKTOP-4J1LCJ7" name="com.frankbahar.bdd.zoho.runners.ValidateCampaignsFeatureRunner" tests="1" failures="0" timestamp="20 Jun 2019 22:38:18 GMT" time="49.519" errors="0">
  <testcase name="runCukes" time="49.519" classname="com.frankbahar.bdd.zoho.runners.ValidateCampaignsFeatureRunner"/>
</testsuite> <!-- com.frankbahar.bdd.zoho.runners.ValidateCampaignsFeatureRunner -->
