<?xml version="1.0" encoding="UTF-8"?>
<!-- Generated by org.testng.reporters.JUnitReportReporter -->
<testsuite hostname="DESKTOP-4J1LCJ7" name="com.frankbahar.bdd.zoho.runners.ValidateSalesIQFeatureRunner" tests="1" failures="0" timestamp="20 Jun 2019 22:38:18 GMT" time="47.892" errors="0">
  <testcase name="runCukes" time="47.892" classname="com.frankbahar.bdd.zoho.runners.ValidateSalesIQFeatureRunner"/>
</testsuite> <!-- com.frankbahar.bdd.zoho.runners.ValidateSalesIQFeatureRunner -->
