<?xml version="1.0" encoding="UTF-8"?>
<!-- Generated by org.testng.reporters.JUnitReportReporter -->
<testsuite hostname="DESKTOP-4J1LCJ7" name="com.frankbahar.bdd.zoho.runners.ValidateCRMFeatureRunner" tests="1" failures="0" timestamp="20 Jun 2019 20:11:20 GMT" time="34.397" errors="0">
  <testcase name="runCukes" time="34.397" classname="com.frankbahar.bdd.zoho.runners.ValidateCRMFeatureRunner"/>
</testsuite> <!-- com.frankbahar.bdd.zoho.runners.ValidateCRMFeatureRunner -->
